<?xml version="1.0" encoding="UTF-8"?>
<robot generator="Robot 6.1.1 (Python 3.12.3 on win32)" generated="20250426 01:54:56.373" rpa="false" schemaversion="4">
<suite id="s1" name="01 Test One" source="C:\Users\khaba\OneDrive\Bureau\ROBBOT RUNNER 2\ROBOT-RUNNER\tests-for-validation\01_Test_One.robot">
<test id="s1-t1" name="Test Recherche Wikipedia" line="12">
<kw name="Open Browser" library="SeleniumLibrary">
<arg>${URL}</arg>
<arg>${BROWSER}</arg>
<doc>Opens a new browser instance to the optional ``url``.</doc>
<msg timestamp="20250426 01:54:56.773" level="INFO">Opening browser 'Chrome' to base url 'https://www.wikipedia.org/'.</msg>
<msg timestamp="20250426 01:54:56.853" level="INFO">Cannot capture screenshot because no browser is open.</msg>
<msg timestamp="20250426 01:54:56.853" level="FAIL">WebDriverException: Message: 'chromedriver' executable needs to be in PATH. Please see https://chromedriver.chromium.org/home
</msg>
<status status="FAIL" starttime="20250426 01:54:56.772" endtime="20250426 01:54:56.863"/>
</kw>
<kw name="Maximize Browser Window" library="SeleniumLibrary">
<doc>Maximizes current browser window.</doc>
<status status="NOT RUN" starttime="20250426 01:54:56.863" endtime="20250426 01:54:56.864"/>
</kw>
<kw name="Wait Until Element Is Visible" library="SeleniumLibrary">
<arg>${SEARCH_FIELD}</arg>
<arg>timeout=5s</arg>
<doc>Waits until the element ``locator`` is visible.</doc>
<status status="NOT RUN" starttime="20250426 01:54:56.864" endtime="20250426 01:54:56.864"/>
</kw>
<kw name="Input Text" library="SeleniumLibrary">
<arg>${SEARCH_FIELD}</arg>
<arg>Robot Framework</arg>
<doc>Types the given ``text`` into the text field identified by ``locator``.</doc>
<status status="NOT RUN" starttime="20250426 01:54:56.864" endtime="20250426 01:54:56.864"/>
</kw>
<kw name="Click Element" library="SeleniumLibrary">
<arg>${SEARCH_BUTTON}</arg>
<doc>Click the element identified by ``locator``.</doc>
<status status="NOT RUN" starttime="20250426 01:54:56.865" endtime="20250426 01:54:56.865"/>
</kw>
<kw name="Wait Until Element Is Visible" library="SeleniumLibrary">
<arg>${RESULT_TITLE}</arg>
<arg>timeout=5s</arg>
<doc>Waits until the element ``locator`` is visible.</doc>
<status status="NOT RUN" starttime="20250426 01:54:56.865" endtime="20250426 01:54:56.865"/>
</kw>
<kw name="Element Should Contain" library="SeleniumLibrary">
<arg>${RESULT_TITLE}</arg>
<arg>Robot Framework</arg>
<doc>Verifies that element ``locator`` contains text ``expected``.</doc>
<status status="NOT RUN" starttime="20250426 01:54:56.866" endtime="20250426 01:54:56.866"/>
</kw>
<kw name="Close Browser" library="SeleniumLibrary" type="TEARDOWN">
<doc>Closes the current browser.</doc>
<status status="PASS" starttime="20250426 01:54:56.866" endtime="20250426 01:54:56.866"/>
</kw>
<status status="FAIL" starttime="20250426 01:54:56.770" endtime="20250426 01:54:56.867">WebDriverException: Message: 'chromedriver' executable needs to be in PATH. Please see https://chromedriver.chromium.org/home
</status>
</test>
<status status="FAIL" starttime="20250426 01:54:56.377" endtime="20250426 01:54:56.868"/>
</suite>
<statistics>
<total>
<stat pass="0" fail="1" skip="0">All Tests</stat>
</total>
<tag>
</tag>
<suite>
<stat pass="0" fail="1" skip="0" id="s1" name="01 Test One">01 Test One</stat>
</suite>
</statistics>
<errors>
</errors>
</robot>
